[debug] [2022-10-10T11:31:19.986Z] ----------------------------------------------------------------------
[debug] [2022-10-10T11:31:19.988Z] Command:       C:\Program Files\nodejs\node.exe C:\Users\hp\AppData\Roaming\npm\node_modules\firebase-tools\lib\bin\firebase.js init
[debug] [2022-10-10T11:31:19.989Z] CLI Version:   11.14.1
[debug] [2022-10-10T11:31:19.989Z] Platform:      win32
[debug] [2022-10-10T11:31:19.989Z] Node Version:  v16.15.1
[debug] [2022-10-10T11:31:19.990Z] Time:          Mon Oct 10 2022 17:01:19 GMT+0530 (India Standard Time)
[debug] [2022-10-10T11:31:19.991Z] ----------------------------------------------------------------------
[debug] 
[debug] [2022-10-10T11:31:20.000Z] > command requires scopes: ["email","openid","https://www.googleapis.com/auth/cloudplatformprojects.readonly","https://www.googleapis.com/auth/firebase","https://www.googleapis.com/auth/cloud-platform"]
[debug] [2022-10-10T11:31:20.001Z] > authorizing via signed-in user (deepak.zeeweesoft@gmail.com)
[info] 
     ######## #### ########  ######## ########     ###     ######  ########
     ##        ##  ##     ## ##       ##     ##  ##   ##  ##       ##
     ######    ##  ########  ######   ########  #########  ######  ######
     ##        ##  ##    ##  ##       ##     ## ##     ##       ## ##
     ##       #### ##     ## ######## ########  ##     ##  ######  ########

You're about to initialize a Firebase project in this directory:

  D:\angular\anhular14\firebase

[info] 
=== Project Setup
[info] 
[info] First, let's associate this project directory with a Firebase project.
[info] You can create multiple project aliases by running firebase use --add, 
[info] but for now we'll just set up a default project.
[info] 
[debug] [2022-10-10T11:31:35.911Z] >>> [apiv2][query] GET https://firebase.googleapis.com/v1beta1/projects pageSize=100
[debug] [2022-10-10T11:31:36.725Z] <<< [apiv2][status] GET https://firebase.googleapis.com/v1beta1/projects 200
[debug] [2022-10-10T11:31:36.725Z] <<< [apiv2][body] GET https://firebase.googleapis.com/v1beta1/projects [omitted]
